<?xml version="1.0" encoding="UTF-8"?>
<!-- Generated by org.testng.reporters.JUnitXMLReporter -->
<testsuite hostname="Admin-PC" ignored="0" name="Test" tests="6" failures="0" timestamp="04 Sep 2020 14:08:58 GMT" time="0.074" errors="0">
  <testcase name="browserAutomation" time="0.02" classname="Maven.MavenJava.SeleniumTest"/>
  <testcase name="elementui" time="0.0" classname="Maven.MavenJava.SeleniumTest"/>
  <testcase name="IOSApps" time="0.0" classname="Maven.MavenJava.AppiumTest"/>
  <testcase name="nativeAppAndroid" time="0.001" classname="Maven.MavenJava.AppiumTest"/>
  <testcase name="deleteTwitter" time="0.0" classname="Maven.MavenJava.RestAPITest"/>
  <testcase name="postJira" time="0.001" classname="Maven.MavenJava.RestAPITest"/>
</testsuite> <!-- Test -->
